<?xml version="1.0" encoding="UTF-8"?>
<!-- Generated by org.testng.reporters.JUnitXMLReporter -->
<testsuite hostname="bhargav" ignored="3" name="Test" tests="5" failures="0" timestamp="2020-03-24T21:15:12 IST" time="0.075" errors="0">
  <testcase name="admin1" time="0.016" classname="cts.java.software.Display"/>
  <testcase name="admin2" time="0.0" classname="cts.java.software.Display"/>
  <testcase name="customer1" time="0.001" classname="cts.java.software.Display"/>
  <testcase name="customer2" time="0.001" classname="cts.java.software.Display"/>
  <testcase name="customer3" time="0.001" classname="cts.java.software.Display"/>
  <testcase name="vendor1" time="0.0" classname="cts.java.software.Display">
    <ignored/>
  </testcase> <!-- vendor1 -->
  <testcase name="vendor2" time="0.0" classname="cts.java.software.Display">
    <ignored/>
  </testcase> <!-- vendor2 -->
  <testcase name="vendor3" time="0.0" classname="cts.java.software.Display">
    <ignored/>
  </testcase> <!-- vendor3 -->
</testsuite> <!-- Test -->
