<?xml version="1.0" encoding="UTF-8"?>
<!-- Generated by org.testng.reporters.JUnitXMLReporter -->
<testsuite hostname="bhargav" ignored="3" tests="0" failures="0" timestamp="2020-03-24T21:10:46 IST" time="0.012" errors="0">
  <testcase name="TestB" time="0.0" classname="cts.java.software.Sample2">
    <ignored/>
  </testcase> <!-- TestB -->
  <testcase name="TestC" time="0.0" classname="cts.java.software.Sample2">
    <ignored/>
  </testcase> <!-- TestC -->
  <testcase name="TestA" time="0.0" classname="cts.java.software.Sample2">
    <ignored/>
  </testcase> <!-- TestA -->
</testsuite>
