<?xml version="1.0" encoding="UTF-8"?>
<testng-results skipped="0" failed="0" ignored="0" total="1" passed="1">
  <reporter-output>
  </reporter-output>
  <suite name="Default suite" duration-ms="635" started-at="2020-03-28T11:08:32 IST" finished-at="2020-03-28T11:08:33 IST">
    <groups>
    </groups>
    <test name="Default test" duration-ms="635" started-at="2020-03-28T11:08:32 IST" finished-at="2020-03-28T11:08:33 IST">
      <class name="cts.testng.practise.ExtentReportDemo">
        <test-method status="PASS" signature="loginTest()[pri:0, instance:cts.testng.practise.ExtentReportDemo@15d0c81b]" name="loginTest" duration-ms="570" started-at="2020-03-28T11:08:32 IST" finished-at="2020-03-28T11:08:33 IST">
          <reporter-output>
          </reporter-output>
        </test-method> <!-- loginTest -->
      </class> <!-- cts.testng.practise.ExtentReportDemo -->
    </test> <!-- Default test -->
  </suite> <!-- Default suite -->
</testng-results>
